0 info it worked if it ends with ok
1 verbose cli [ 'c:\\Program Files\\nodejs\\node.exe',
1 verbose cli   'c:\\Program Files\\nodejs\\node_modules\\npm\\bin\\npm-cli.js',
1 verbose cli   'install',
1 verbose cli   '==save',
1 verbose cli   'mongodb' ]
2 info using npm@1.4.28
3 info using node@v0.10.34
4 verbose readDependencies using package.json deps
5 verbose cache add [ '==save', null ]
6 verbose cache add name=undefined spec="==save" args=["==save",null]
7 verbose parsed url { protocol: null,
7 verbose parsed url   slashes: null,
7 verbose parsed url   auth: null,
7 verbose parsed url   host: null,
7 verbose parsed url   port: null,
7 verbose parsed url   hostname: null,
7 verbose parsed url   hash: null,
7 verbose parsed url   search: null,
7 verbose parsed url   query: null,
7 verbose parsed url   pathname: '==save',
7 verbose parsed url   path: '==save',
7 verbose parsed url   href: '==save' }
8 verbose cache add [ 'mongodb', null ]
9 verbose cache add name=undefined spec="mongodb" args=["mongodb",null]
10 verbose parsed url { protocol: null,
10 verbose parsed url   slashes: null,
10 verbose parsed url   auth: null,
10 verbose parsed url   host: null,
10 verbose parsed url   port: null,
10 verbose parsed url   hostname: null,
10 verbose parsed url   hash: null,
10 verbose parsed url   search: null,
10 verbose parsed url   query: null,
10 verbose parsed url   pathname: 'mongodb',
10 verbose parsed url   path: 'mongodb',
10 verbose parsed url   href: 'mongodb' }
11 silly lockFile f3c81799-save ==save
12 verbose lock ==save C:\Users\Quantitative Easing\AppData\Roaming\npm-cache\f3c81799-save.lock
13 silly lockFile 7f1c982e-mongodb mongodb
14 verbose lock mongodb C:\Users\Quantitative Easing\AppData\Roaming\npm-cache\7f1c982e-mongodb.lock
15 silly lockFile f3c81799-save ==save
16 silly lockFile f3c81799-save ==save
17 silly lockFile 7f1c982e-mongodb mongodb
18 silly lockFile 7f1c982e-mongodb mongodb
19 verbose addNamed [ '==save', '' ]
20 verbose addNamed [ null, '*' ]
21 silly lockFile dd084a72-save ==save@
22 verbose lock ==save@ C:\Users\Quantitative Easing\AppData\Roaming\npm-cache\dd084a72-save.lock
23 verbose addNamed [ 'mongodb', '' ]
24 verbose addNamed [ null, '*' ]
25 silly lockFile 886df635-mongodb mongodb@
26 verbose lock mongodb@ C:\Users\Quantitative Easing\AppData\Roaming\npm-cache\886df635-mongodb.lock
27 silly addNameRange { name: '==save', range: '*', hasData: false }
28 silly addNameRange { name: 'mongodb', range: '*', hasData: false }
29 verbose request where is /==save
30 verbose request registry https://registry.npmjs.org/
31 verbose request id db32c0bc42680bb8
32 verbose url raw /==save
33 verbose url resolving [ 'https://registry.npmjs.org/', './%3D%3Dsave' ]
34 verbose url resolved https://registry.npmjs.org/%3D%3Dsave
35 verbose request where is https://registry.npmjs.org/%3D%3Dsave
36 info trying registry request attempt 1 at 10:27:12
37 http GET https://registry.npmjs.org/%3D%3Dsave
38 verbose request where is /mongodb
39 verbose request registry https://registry.npmjs.org/
40 verbose url raw /mongodb
41 verbose url resolving [ 'https://registry.npmjs.org/', './mongodb' ]
42 verbose url resolved https://registry.npmjs.org/mongodb
43 verbose request where is https://registry.npmjs.org/mongodb
44 info trying registry request attempt 1 at 10:27:12
45 verbose etag "DNJ2Y6F4KU4QBX1AG51YBDZNN"
46 http GET https://registry.npmjs.org/mongodb
47 http 304 https://registry.npmjs.org/mongodb
48 silly registry.get cb [ 304,
48 silly registry.get   { date: 'Thu, 05 Mar 2015 16:27:20 GMT',
48 silly registry.get     server: 'Apache',
48 silly registry.get     via: '1.1 varnish',
48 silly registry.get     'last-modified': 'Thu, 05 Mar 2015 16:27:20 GMT',
48 silly registry.get     'cache-control': 'max-age=60',
48 silly registry.get     etag: '"DNJ2Y6F4KU4QBX1AG51YBDZNN"',
48 silly registry.get     age: '49',
48 silly registry.get     'x-served-by': 'cache-jfk1020-JFK',
48 silly registry.get     'x-cache': 'HIT',
48 silly registry.get     'x-cache-hits': '1',
48 silly registry.get     'x-timer': 'S1425572840.210197,VS0,VE2',
48 silly registry.get     vary: 'Accept',
48 silly registry.get     'content-length': '0',
48 silly registry.get     'keep-alive': 'timeout=10, max=50',
48 silly registry.get     connection: 'Keep-Alive' } ]
49 verbose etag https://registry.npmjs.org/mongodb from cache
50 silly addNameRange number 2 { name: 'mongodb', range: '*', hasData: true }
51 silly addNameRange versions [ 'mongodb',
51 silly addNameRange   [ '0.9.4',
51 silly addNameRange     '0.9.4-4',
51 silly addNameRange     '0.9.3',
51 silly addNameRange     '0.9.1',
51 silly addNameRange     '0.9.2',
51 silly addNameRange     '0.9.6-7',
51 silly addNameRange     '0.9.6-8',
51 silly addNameRange     '0.9.6-9',
51 silly addNameRange     '0.9.6-10',
51 silly addNameRange     '0.9.6-11',
51 silly addNameRange     '0.9.6-12',
51 silly addNameRange     '0.9.6-13',
51 silly addNameRange     '0.9.6-14',
51 silly addNameRange     '0.9.6-15',
51 silly addNameRange     '0.9.6-16',
51 silly addNameRange     '0.9.6-17',
51 silly addNameRange     '0.9.6-18',
51 silly addNameRange     '0.9.6-19',
51 silly addNameRange     '0.9.6-20',
51 silly addNameRange     '0.9.6-21',
51 silly addNameRange     '0.9.6-22',
51 silly addNameRange     '0.9.6-23',
51 silly addNameRange     '0.9.7',
51 silly addNameRange     '0.9.7-0',
51 silly addNameRange     '0.9.7-1',
51 silly addNameRange     '0.9.7-1.1',
51 silly addNameRange     '0.9.7-1.2',
51 silly addNameRange     '0.9.7-1.3',
51 silly addNameRange     '0.9.7-1.4',
51 silly addNameRange     '0.9.7-2',
51 silly addNameRange     '0.9.7-2-1',
51 silly addNameRange     '0.9.7-2-2',
51 silly addNameRange     '0.9.7-2-3',
51 silly addNameRange     '0.9.7-2-4',
51 silly addNameRange     '0.9.7-2-5',
51 silly addNameRange     '0.9.7-3',
51 silly addNameRange     '0.9.7-3-1',
51 silly addNameRange     '0.9.7-3-2',
51 silly addNameRange     '0.9.7-3-3',
51 silly addNameRange     '0.9.7-3-4',
51 silly addNameRange     '0.9.7-3-5',
51 silly addNameRange     '0.9.8',
51 silly addNameRange     '0.9.8-1',
51 silly addNameRange     '0.9.8-2',
51 silly addNameRange     '0.9.8-3',
51 silly addNameRange     '0.9.8-4',
51 silly addNameRange     '0.9.8-5',
51 silly addNameRange     '0.9.8-6',
51 silly addNameRange     '0.9.8-7',
51 silly addNameRange     '0.9.9',
51 silly addNameRange     '0.9.9-1',
51 silly addNameRange     '0.9.9-2',
51 silly addNameRange     '0.9.9-3',
51 silly addNameRange     '0.9.9-4',
51 silly addNameRange     '0.9.9-5',
51 silly addNameRange     '0.9.9-6',
51 silly addNameRange     '0.9.9-7',
51 silly addNameRange     '0.9.9-8',
51 silly addNameRange     '1.0.0',
51 silly addNameRange     '1.0.1',
51 silly addNameRange     '1.0.2',
51 silly addNameRange     '1.1.0-beta',
51 silly addNameRange     '1.1.0',
51 silly addNameRange     '1.1.1',
51 silly addNameRange     '1.1.2',
51 silly addNameRange     '1.1.3',
51 silly addNameRange     '1.1.4',
51 silly addNameRange     '1.1.5',
51 silly addNameRange     '1.1.6',
51 silly addNameRange     '1.1.7',
51 silly addNameRange     '1.1.8',
51 silly addNameRange     '1.1.9',
51 silly addNameRange     '1.1.10',
51 silly addNameRange     '1.1.11',
51 silly addNameRange     '1.2.0',
51 silly addNameRange     '1.2.1',
51 silly addNameRange     '1.2.2',
51 silly addNameRange     '1.2.3',
51 silly addNameRange     '1.2.4',
51 silly addNameRange     '1.2.5',
51 silly addNameRange     '1.2.6',
51 silly addNameRange     '1.2.7',
51 silly addNameRange     '1.2.8',
51 silly addNameRange     '1.2.9',
51 silly addNameRange     '1.2.10',
51 silly addNameRange     '1.2.11',
51 silly addNameRange     '1.2.12',
51 silly addNameRange     '1.2.13',
51 silly addNameRange     '1.2.14',
51 silly addNameRange     '1.3.0',
51 silly addNameRange     '1.3.1',
51 silly addNameRange     '1.3.2',
51 silly addNameRange     '1.3.3',
51 silly addNameRange     '1.3.4',
51 silly addNameRange     '1.3.5',
51 silly addNameRange     '1.3.6',
51 silly addNameRange     '1.3.7',
51 silly addNameRange     '1.3.8',
51 silly addNameRange     '1.3.9',
51 silly addNameRange     '1.3.10',
51 silly addNameRange     '1.3.11',
51 silly addNameRange     '1.3.12',
51 silly addNameRange     '1.3.14',
51 silly addNameRange     '1.3.15',
51 silly addNameRange     '1.3.17',
51 silly addNameRange     '1.3.18',
51 silly addNameRange     '1.3.19',
51 silly addNameRange     '1.4.0-rc2',
51 silly addNameRange     '1.3.20',
51 silly addNameRange     '1.4.0-rc3',
51 silly addNameRange     '1.3.21',
51 silly addNameRange     '1.3.22',
51 silly addNameRange     '1.3.23',
51 silly addNameRange     '1.4.0-rc4',
51 silly addNameRange     '1.4.0-rc5',
51 silly addNameRange     '1.4.0-rc6',
51 silly addNameRange     '1.4.0-rc7',
51 silly addNameRange     '1.4.0-rc8',
51 silly addNameRange     '1.4.0-rc9',
51 silly addNameRange     '1.4.0-rc10',
51 silly addNameRange     '1.4.0',
51 silly addNameRange     '1.4.1',
51 silly addNameRange     '1.4.2',
51 silly addNameRange     '1.4.3',
51 silly addNameRange     '1.4.4',
51 silly addNameRange     '1.4.5',
51 silly addNameRange     '1.4.6',
51 silly addNameRange     '1.4.7',
51 silly addNameRange     '1.4.8',
51 silly addNameRange     '1.4.9',
51 silly addNameRange     '1.4.10',
51 silly addNameRange     '2.0.0-alpha1',
51 silly addNameRange     '1.4.11',
51 silly addNameRange     '1.4.12',
51 silly addNameRange     '1.4.14',
51 silly addNameRange     '1.4.15',
51 silly addNameRange     '1.4.16',
51 silly addNameRange     '1.4.17',
51 silly addNameRange     '2.0.0-alpha2',
51 silly addNameRange     '1.4.18',
51 silly addNameRange     '2.0.0',
51 silly addNameRange     '2.0.1',
51 silly addNameRange     '2.0.2',
51 silly addNameRange     '1.4.19',
51 silly addNameRange     '2.0.3',
51 silly addNameRange     '2.0.4',
51 silly addNameRange     '2.0.5',
51 silly addNameRange     '2.0.6',
51 silly addNameRange     '1.4.20',
51 silly addNameRange     '1.4.22',
51 silly addNameRange     '2.0.7',
51 silly addNameRange     '2.0.8',
51 silly addNameRange     '2.0.9',
51 silly addNameRange     '1.4.23',
51 silly addNameRange     '2.0.10',
51 silly addNameRange     '1.4.24',
51 silly addNameRange     '2.0.11',
51 silly addNameRange     '1.4.25',
51 silly addNameRange     '2.0.12',
51 silly addNameRange     '1.4.26',
51 silly addNameRange     '1.4.27',
51 silly addNameRange     '1.4.28',
51 silly addNameRange     '2.0.13',
51 silly addNameRange     '2.0.14',
51 silly addNameRange     '1.4.29',
51 silly addNameRange     '2.0.15',
51 silly addNameRange     '1.4.30',
51 silly addNameRange     '2.0.16',
51 silly addNameRange     '1.4.31',
51 silly addNameRange     '2.0.17',
51 silly addNameRange     '1.4.32',
51 silly addNameRange     '2.0.18',
51 silly addNameRange     '2.0.19',
51 silly addNameRange     '1.4.33',
51 silly addNameRange     '2.0.20' ] ]
52 verbose addNamed [ 'mongodb', '1.4.33' ]
53 verbose addNamed [ '1.4.33', '1.4.33' ]
54 silly lockFile 2e0a33f5-mongodb-1-4-33 mongodb@1.4.33
55 verbose lock mongodb@1.4.33 C:\Users\Quantitative Easing\AppData\Roaming\npm-cache\2e0a33f5-mongodb-1-4-33.lock
56 silly lockFile f067839e-s-org-mongodb-mongodb-1-4-33-tgz https://registry.npmjs.org/mongodb/-/mongodb-1.4.33.tgz
57 verbose lock https://registry.npmjs.org/mongodb/-/mongodb-1.4.33.tgz C:\Users\Quantitative Easing\AppData\Roaming\npm-cache\f067839e-s-org-mongodb-mongodb-1-4-33-tgz.lock
58 verbose addRemoteTarball [ 'https://registry.npmjs.org/mongodb/-/mongodb-1.4.33.tgz',
58 verbose addRemoteTarball   '2aa5f9c0b9914e0eda51229a785d7a6e6f01567b' ]
59 info retry fetch attempt 1 at 10:27:13
60 verbose fetch to= c:\Users\Quantitative Easing\AppData\Local\Temp\npm-5212-sZmclP1q\registry.npmjs.org\mongodb\-\mongodb-1.4.33.tgz
61 http GET https://registry.npmjs.org/mongodb/-/mongodb-1.4.33.tgz
62 http 200 https://registry.npmjs.org/mongodb/-/mongodb-1.4.33.tgz
63 http 404 https://registry.npmjs.org/%3D%3Dsave
64 verbose headers { date: 'Thu, 05 Mar 2015 16:27:20 GMT',
64 verbose headers   server: 'CouchDB/1.5.0 (Erlang OTP/R16B03)',
64 verbose headers   'content-type': 'application/json',
64 verbose headers   'cache-control': 'max-age=0',
64 verbose headers   'content-length': '52',
64 verbose headers   'accept-ranges': 'bytes',
64 verbose headers   via: '1.1 varnish',
64 verbose headers   age: '0',
64 verbose headers   'x-served-by': 'cache-dfw1833-DFW',
64 verbose headers   'x-cache': 'MISS',
64 verbose headers   'x-cache-hits': '0',
64 verbose headers   'x-timer': 'S1425572840.193081,VS0,VE260',
64 verbose headers   'keep-alive': 'timeout=10, max=50',
64 verbose headers   connection: 'Keep-Alive' }
65 silly registry.get cb [ 404,
65 silly registry.get   { date: 'Thu, 05 Mar 2015 16:27:20 GMT',
65 silly registry.get     server: 'CouchDB/1.5.0 (Erlang OTP/R16B03)',
65 silly registry.get     'content-type': 'application/json',
65 silly registry.get     'cache-control': 'max-age=0',
65 silly registry.get     'content-length': '52',
65 silly registry.get     'accept-ranges': 'bytes',
65 silly registry.get     via: '1.1 varnish',
65 silly registry.get     age: '0',
65 silly registry.get     'x-served-by': 'cache-dfw1833-DFW',
65 silly registry.get     'x-cache': 'MISS',
65 silly registry.get     'x-cache-hits': '0',
65 silly registry.get     'x-timer': 'S1425572840.193081,VS0,VE260',
65 silly registry.get     'keep-alive': 'timeout=10, max=50',
65 silly registry.get     connection: 'Keep-Alive' } ]
66 silly lockFile dd084a72-save ==save@
67 silly lockFile dd084a72-save ==save@
68 silly lockFile f067839e-s-org-mongodb-mongodb-1-4-33-tgz https://registry.npmjs.org/mongodb/-/mongodb-1.4.33.tgz
69 silly lockFile f067839e-s-org-mongodb-mongodb-1-4-33-tgz https://registry.npmjs.org/mongodb/-/mongodb-1.4.33.tgz
70 silly lockFile 2e0a33f5-mongodb-1-4-33 mongodb@1.4.33
71 silly lockFile 2e0a33f5-mongodb-1-4-33 mongodb@1.4.33
72 silly lockFile 886df635-mongodb mongodb@
73 silly lockFile 886df635-mongodb mongodb@
74 error 404 404 Not Found: %3D%3Dsave
74 error 404
74 error 404 '%3D%3Dsave' is not in the npm registry.
74 error 404 You should bug the author to publish it
74 error 404 It was specified as a dependency of 'shortly-express'
74 error 404
74 error 404 Note that you can also install from a
74 error 404 tarball, folder, or http url, or git url.
75 error System Windows_NT 6.1.7601
76 error command "c:\\Program Files\\nodejs\\node.exe" "c:\\Program Files\\nodejs\\node_modules\\npm\\bin\\npm-cli.js" "install" "==save" "mongodb"
77 error cwd e:\Manual Backup\My Documents\floobits\deploy
78 error node -v v0.10.34
79 error npm -v 1.4.28
80 error code E404
81 verbose exit [ 1, true ]
